<?xml version="1.0" encoding="UTF-8"?>
<!-- Generated by org.testng.reporters.JUnitReportReporter -->
<testsuite hostname="DESKTOP-9CAGNR1" failures="0" tests="4" name="test_1.basetest1" time="57.753" errors="0" timestamp="2022-08-13T10:47:52 IST" skipped="0">
  <testcase classname="test_1.basetest1" name="test_1" time="6.190"/>
  <system-out/>
  <testcase classname="test_1.basetest1" name="test_3" time="7.298"/>
  <system-out/>
  <testcase classname="test_1.basetest1" name="test_4" time="7.214"/>
  <system-out/>
  <testcase classname="test_1.basetest1" name="test_2" time="37.051"/>
  <system-out/>
</testsuite> <!-- test_1.basetest1 -->
