<?xml version="1.0" encoding="UTF-8"?>
<!-- Generated by org.testng.reporters.JUnitReportReporter -->
<testsuite hostname="LAPTOP-V3TP8MRN" failures="0" tests="4" name="test_2.p2" time="29.738" errors="0" timestamp="2022-08-15T23:29:04 PDT" skipped="0">
  <testcase classname="test_2.p2" name="test_3" time="5.723"/>
  <system-out/>
  <testcase classname="test_2.p2" name="test_1" time="6.030"/>
  <system-out/>
  <testcase classname="test_2.p2" name="test_2" time="11.664"/>
  <system-out/>
  <testcase classname="test_2.p2" name="test_3" time="6.321"/>
  <system-out/>
</testsuite> <!-- test_2.p2 -->
