<?xml version="1.0" encoding="UTF-8"?>
<!-- Generated by org.testng.reporters.JUnitReportReporter -->
<testsuite hostname="LAPTOP-V3TP8MRN" failures="0" tests="4" name="test_1.test6" time="0.017" errors="0" timestamp="2022-08-15T07:37:33 PDT" skipped="0">
  <testcase classname="test_1.test6" name="test_A" time="0.014"/>
  <system-out/>
  <testcase classname="test_1.test6" name="test_C" time="0.001"/>
  <system-out/>
  <testcase classname="test_1.test6" name="test_B" time="0.001"/>
  <system-out/>
  <testcase classname="test_1.test6" name="test_D" time="0.001"/>
  <system-out/>
</testsuite> <!-- test_1.test6 -->
