<?xml version="1.0" encoding="UTF-8"?>
<!-- Generated by org.testng.reporters.JUnitReportReporter -->
<testsuite hostname="DESKTOP-9CAGNR1" failures="0" tests="4" name="test_1.test3" time="0.016" errors="0" timestamp="2022-08-13T10:47:52 IST" skipped="1">
  <testcase classname="test_1.test3" name="C" time="0.010"/>
  <system-out/>
  <testcase classname="test_1.test3" name="A" time="0.004"/>
  <system-out/>
  <testcase classname="test_1.test3" name="A" time="0.002"/>
  <system-out/>
  <testcase classname="test_1.test3" name="B">
    <skipped/>
  </testcase> <!-- B -->
  <system-out/>
</testsuite> <!-- test_1.test3 -->
