<?xml version="1.0" encoding="UTF-8"?>
<!-- Generated by org.testng.reporters.JUnitReportReporter -->
<testsuite hostname="LAPTOP-V3TP8MRN" failures="0" tests="1" name="test_3.task" time="25.073" errors="0" timestamp="2022-08-16T21:37:59 PDT" skipped="0">
  <testcase classname="test_3.task" name="test_1" time="25.073"/>
  <system-out/>
</testsuite> <!-- test_3.task -->
