<?xml version="1.0" encoding="UTF-8"?>
<!-- Generated by org.testng.reporters.JUnitReportReporter -->
<testsuite hostname="DESKTOP-9CAGNR1" failures="0" tests="1" name="test_1.test2" time="0.005" errors="0" timestamp="2022-08-13T10:47:52 IST" skipped="0">
  <testcase classname="test_1.test2" name="test" time="0.005"/>
  <system-out/>
</testsuite> <!-- test_1.test2 -->
