<?xml version="1.0" encoding="UTF-8"?>
<!-- Generated by org.testng.reporters.JUnitReportReporter -->
<testsuite hostname="DESKTOP-9CAGNR1" failures="0" tests="3" name="test_1.test1" time="0.009" errors="0" timestamp="2022-08-13T10:47:52 IST" skipped="0">
  <testcase classname="test_1.test1" name="test_tc_001_b" time="0.003"/>
  <system-out/>
  <testcase classname="test_1.test1" name="test_tc_001_a" time="0.002"/>
  <system-out/>
  <testcase classname="test_1.test1" name="test_tc_001_c" time="0.004"/>
  <system-out/>
</testsuite> <!-- test_1.test1 -->
