<?xml version="1.0" encoding="UTF-8"?>
<!-- Generated by org.testng.reporters.JUnitReportReporter -->
<testsuite hostname="DESKTOP-9CAGNR1" failures="0" tests="3" name="test_1.test5" time="31.263" errors="0" timestamp="2022-08-14T19:25:09 IST" skipped="0">
  <testcase classname="test_1.test5" name="password" time="14.998"/>
  <system-out/>
  <testcase classname="test_1.test5" name="email_id" time="9.418"/>
  <system-out/>
  <testcase classname="test_1.test5" name="login" time="6.847"/>
  <system-out/>
</testsuite> <!-- test_1.test5 -->
