<?xml version="1.0" encoding="UTF-8"?>
<!-- Generated by org.testng.reporters.JUnitReportReporter -->
<testsuite hostname="DESKTOP-9CAGNR1" failures="0" tests="4" name="test_1.test4" time="0.006" errors="0" timestamp="2022-08-13T10:47:52 IST" skipped="1">
  <testcase classname="test_1.test4" name="A" time="0.001"/>
  <system-out/>
  <testcase classname="test_1.test4" name="A" time="0.003"/>
  <system-out/>
  <testcase classname="test_1.test4" name="C" time="0.002"/>
  <system-out/>
  <testcase classname="test_1.test4" name="B">
    <skipped/>
  </testcase> <!-- B -->
  <system-out/>
</testsuite> <!-- test_1.test4 -->
